<?xml version="1.0" encoding="UTF-8"?>
<!-- Generated by org.testng.reporters.JUnitReportReporter -->
<testsuite skipped="0" hostname="LAPTOP-S88I2CGD" name="testNgPractice.Annotation2" tests="2" failures="0" timestamp="2020-07-08T03:03:18 CDT" time="29.177" errors="0">
  <testcase name="login" time="8.633" classname="testNgPractice.Annotation2"/>
  <system-out/>
  <testcase name="addCustomer" time="20.544" classname="testNgPractice.Annotation2"/>
  <system-out/>
</testsuite> <!-- testNgPractice.Annotation2 -->
