<?xml version="1.0" encoding="UTF-8"?>
<!-- Generated by org.testng.reporters.JUnitReportReporter -->
<testsuite skipped="1" hostname="LAPTOP-S88I2CGD" name="testNgPractice.Annotation1" tests="4" failures="0" timestamp="2020-07-07T23:04:52 CDT" time="5.870" errors="0">
  <testcase name="incorrectPassword" time="2.147" classname="testNgPractice.Annotation1"/>
  <system-out/>
  <testcase name="login" time="2.099" classname="testNgPractice.Annotation1"/>
  <system-out/>
  <testcase name="incorrectUserName" time="1.624" classname="testNgPractice.Annotation1"/>
  <system-out/>
  <testcase name="login1" classname="testNgPractice.Annotation1">
    <skipped/>
  </testcase> <!-- login1 -->
  <system-out/>
</testsuite> <!-- testNgPractice.Annotation1 -->
