<?xml version="1.0" encoding="UTF-8"?>
<!-- Generated by org.testng.reporters.JUnitReportReporter -->
<testsuite skipped="0" hostname="LAPTOP-S88I2CGD" name="testNgPractice.GroupsDemo" tests="2" failures="0" timestamp="2020-07-08T14:57:35 CDT" time="15.441" errors="0">
  <testcase name="incorrectUserName" time="8.120" classname="testNgPractice.GroupsDemo"/>
  <system-out/>
  <testcase name="incorrectPassword" time="7.321" classname="testNgPractice.GroupsDemo"/>
  <system-out/>
</testsuite> <!-- testNgPractice.GroupsDemo -->
