<?xml version="1.0" encoding="UTF-8"?>
<!-- Generated by org.testng.reporters.JUnitReportReporter -->
<testsuite skipped="0" hostname="LAPTOP-S88I2CGD" name="testNgPractice.ParameterDemo" tests="1" failures="0" timestamp="2020-07-08T14:48:03 CDT" time="12.666" errors="0">
  <testcase name="login" time="12.666" classname="testNgPractice.ParameterDemo"/>
  <system-out/>
</testsuite> <!-- testNgPractice.ParameterDemo -->
