<?xml version="1.0" encoding="UTF-8"?>
<!-- Generated by org.testng.reporters.JUnitReportReporter -->
<testsuite skipped="1" hostname="LAPTOP-S88I2CGD" name="testNgPractice.SimpleAnnotation1" tests="4" failures="0" timestamp="2020-07-08T03:03:18 CDT" time="5.883" errors="0">
  <testcase name="incorrectPassword" time="2.245" classname="testNgPractice.SimpleAnnotation1"/>
  <system-out/>
  <testcase name="login" time="2.087" classname="testNgPractice.SimpleAnnotation1"/>
  <system-out/>
  <testcase name="incorrectUserName" time="1.551" classname="testNgPractice.SimpleAnnotation1"/>
  <system-out/>
  <testcase name="login1" classname="testNgPractice.SimpleAnnotation1">
    <skipped/>
  </testcase> <!-- login1 -->
  <system-out/>
</testsuite> <!-- testNgPractice.SimpleAnnotation1 -->
